make[1]: Entering directory `/home/de3u14/lib/projects/helicity/HelicityFW/src'
g++ `root-config --cflags` -I../inc/ -MMD -MF .depend_cpp -I/home/de3u14/lib/build/hep/Cuba/Cuba-4.2 -c LifeTime_Muon_Polarized.cpp -o ../lib/LifeTime_Muon_Polarized.cpp.o
ifort -o ../bin/LifeTime_Muon_Polarized ../lib/UtilFunctions.cpp.o ../lib/LifeTime_Muon_Polarized.cpp.o ../lib/PhaseSpaceTools.cpp.o -cxxlib -nofor_main -L/home/de3u14/lib/build/hep/root/lib -lCore -lCint -lRIO -lNet -lHist -lGraf -lGraf3d -lGpad -lTree -lRint -lPostscript -lMatrix -lPhysics -lMathCore -lThread -limf -lm -ldl -L/home/de3u14/lib/build/hep/Cuba/Cuba-4.2 -lcuba
make[1]: Leaving directory `/home/de3u14/lib/projects/helicity/HelicityFW/src'
-------------------- Vegas test --------------------
Vegas input parameters:
  ndim 5
  ncomp 1
  nvec 1
  epsrel 0.001
  epsabs 1e-12
  flags 2
  seed 0
  mineval 0
  maxeval 100000
  nstart 1000
  nincrease 500
  nbatch 1000
  gridno 0
  statefile "(null)"

Iteration 1:  1000 integrand evaluations so far
[1] 9.40129e-05 +- 3.30244e-06  	chisq 0 (0 df)

Iteration 2:  2500 integrand evaluations so far
[1] 9.33854e-05 +- 1.552e-06  	chisq 0.0463249 (1 df)

Iteration 3:  4500 integrand evaluations so far
[1] 9.36411e-05 +- 1.00668e-06  	chisq 0.0931761 (2 df)

Iteration 4:  7000 integrand evaluations so far
[1] 9.38558e-05 +- 7.45175e-07  	chisq 0.193812 (3 df)

Iteration 5:  10000 integrand evaluations so far
[1] 9.38061e-05 +- 5.99248e-07  	chisq 0.206439 (4 df)

Iteration 6:  13500 integrand evaluations so far
[1] 9.38934e-05 +- 5.04537e-07  	chisq 0.279373 (5 df)

Iteration 7:  17500 integrand evaluations so far
[1] 9.38531e-05 +- 4.36615e-07  	chisq 0.304808 (6 df)

Iteration 8:  22000 integrand evaluations so far
[1] 9.38006e-05 +- 3.8536e-07  	chisq 0.370106 (7 df)

Iteration 9:  27000 integrand evaluations so far
[1] 9.38493e-05 +- 3.45636e-07  	chisq 0.451719 (8 df)

Iteration 10:  32500 integrand evaluations so far
[1] 9.38148e-05 +- 3.12451e-07  	chisq 0.506145 (9 df)

Iteration 11:  38500 integrand evaluations so far
[1] 9.38008e-05 +- 2.85635e-07  	chisq 0.51847 (10 df)

Iteration 12:  45000 integrand evaluations so far
[1] 9.38289e-05 +- 2.63382e-07  	chisq 0.583281 (11 df)

Iteration 13:  52000 integrand evaluations so far
[1] 9.37904e-05 +- 2.44239e-07  	chisq 0.735795 (12 df)

Iteration 14:  59500 integrand evaluations so far
[1] 9.38105e-05 +- 2.27783e-07  	chisq 0.78756 (13 df)

Iteration 15:  67500 integrand evaluations so far
[1] 9.38137e-05 +- 2.13322e-07  	chisq 0.789189 (14 df)

Iteration 16:  76000 integrand evaluations so far
[1] 9.37997e-05 +- 2.00562e-07  	chisq 0.826045 (15 df)

Iteration 17:  85000 integrand evaluations so far
[1] 9.38084e-05 +- 1.89399e-07  	chisq 0.843174 (16 df)

Iteration 18:  94500 integrand evaluations so far
[1] 9.3792e-05 +- 1.79395e-07  	chisq 0.915548 (17 df)

Iteration 19:  104500 integrand evaluations so far
[1] 9.38107e-05 +- 1.70358e-07  	chisq 1.02597 (18 df)
VEGAS RESULT:	neval 104500	fail 1
VEGAS RESULT:	0.00009381 +- 0.00000017	p = 0.000

###############################################
### --- Muon decay lifetime calculation --- ###
###############################################

--------------------------
--- Physical constants ---
--------------------------

hbar:    6.582119e-25 [GeV s]
c:       2.997925e+08 [m/s]
hbar*c:  1.973270e-01 [GeV fm]
G_Fermi: 1.160000e-05 [GeV^{-2}]

Muon constants:
m (muon):                      0.105658 [GeV]
c_tau:                     6.586384e+17  [fm]
Gamma(PDG) = hbarc/c_tau = 2.995983e-19 [GeV]

Other masses:
m (elec):           0.000000 [GeV]
m (nu_e):           0.000000 [GeV]
m (nu_m):           0.000000 [GeV]

-------------------------
---   Decay process   ---
-------------------------

(muon)- ---> (electron)- (nu_mu) (nu_electronbar)
  p     --->      q        k            k' 
  p     --->      q        k1           k2 
  P     --->     p1        p2           p3 

-------------------------
---   Configuration   ---
-------------------------

############
### Muon ###
############

|mom|:      0.050000 [GeV/c]
theta:      0.735133 [rad]
phi:        2.899690 [rad]
gamma:      1.106318 
beta:       0.427746 

Momentum:
(E,px,py,pz): (   0.11689179,   -0.03255789,    0.00803315,    0.03708709)

Unitvector pointing in the direction of momentum:
x:    -0.651158
y:     0.160663
z:     0.160663

################################
### Spin Polarization vector ###
################################
### - Denoted by s^{mu}         

Spin polarization vector defined in rest frame of the muon
s^{mu} = (0,phat34)

where the phat34 is pointing towards:
phat34 theta:     1.743584
phat34 phi:      -1.294336

phat34 components:
x:     0.268887
y:    -0.947702
z:    -0.171929

--------------------------
--- Consistency checks ---
--------------------------

- Lorentz scalar product (ps) = 0 (orthogonality check)
(ps): 6.938894e-18     (should give really small value)

- k0^{2} = 0 (massless auxuliary vector)
(k0)^2: 0.000000e+00     (should give really small value)

------------------
--- Ampltidude ---
------------------

Amplitude formula chosen: --->  3  <--- 

Amplitude formula list:
(No):  ---------------------- Formula ---------------------------- (polarization)
- Default case:                              
 (0): 128 * (p k') * (q k)                                         (unpolarized)
(-1):  64 * (p k') * (q k) + 64 * M * (s k') * (q k)               (polarized)
(+1):  64 * (p k') * (q k) - 64 * M * (s k') * (q k)               (polarized)
- Custom:                              
 (+3): 64 * gamma * ( 1 - beta ) *     (M * (k')^{0}) * (q k) -    (polarized)
      -64 * gamma * ( 1 - beta ) * M *    (s k')      * (q k)                 
 (+4): 64 * gamma * ( 1 + beta ) *     (M * (k')^{0}) * (q k) +    (polarized)
      +64 * gamma * ( 1 + beta ) * M *    (s k')      * (q k)                 
(+34): sum of (+3) and (+4)                                        (unpolarized)

Notations:
(muon)- ---> (electron)- (nu_mu) (nu_electronbar)
  p     --->      q        k            k' 
  p     --->      q        k1           k2 
  P     --->     p1        p2           p3 

Leftover factors multiplying the result:
- Coupling constant
  G_Fermi^{2}
- Initial particle state normalization:
  1.0/(2*E) = 1.0/2*M (in the rest frame)
- Spin averaging for the muon (only if unpolarized):
  1.0/2.0

ThreeBodyDecay class
PSConstant (formula)  s23_length/pow(M_PI,3.0)/128.0
PSConstant  (numval): 2.812861e-06 

---------------------------
--- Other formulas used ---
---------------------------

Textbook result of the integration:
Gamma: G_Fermi^{2}*m_mu^{5}/(192*pi^{3})

tau  = hbar/Gamma
ctau = c*tau

-------------------------
--- Numerical results ---
-------------------------
Don't forget: our result are quoted in the LAB frame, while the PDG and
              the textbook formula are calculated in the muon rest frame!

# Important flags:
- k0_type:                    2 (see above at 'Spin polarization', 1 = custom, 2 = physical)
- spin_polarization:          2 (see above at 'Spin polarization', 1 = computed with k0, 2 = helicity)
- Amplitude formula chosen:   3 (see above at 'Amplitude' )

Note: Choosing (k0_type = 2) and (spin_polarization = 1) should give the same result as
      choosing (spin_polarization = 2) by definition

Gamma(PDG):                             2.995983e-19 [GeV] (note: this is the total gamma!)
Gamma(textbook):                        2.976355e-19 [GeV]
Gamma(our result w/o gamma factor):     1.680284e-19 [GeV]
Gamma(our result):                      1.518807e-19 [GeV]

ctau(PDG):                              6.586384e+02 [m]
ctau(textbook):                         6.629820e+02 [m]
ctau(our result w/o gamma factor):      1.174367e+03 [m]
ctau(our result):                       1.299223e+03 [m]

# Muon configuration
beta:                                                    0.427746
gamma:                                                   1.106318 <-

# Ratios
ratio of ctau's: (our result)/(textbook rest frame)      1.959666 <-
ratio of the above two values:                           0.564544

Note: You should compare the values of 'gamma' with the 'ratio of ctau's',
      as they should be equal.
      The 'ratio of the above two values' gives a measure how well they agree.
      It should be close to unity, but there could be some tiny deviation as
      this is after all a numerical integration.
