make[1]: Entering directory `/home/de3u14/lib/projects/helicity/HelicityFW/src'
g++ `root-config --cflags` -I../inc/ -MMD -MF .depend_cpp -I/home/de3u14/lib/build/hep/Cuba/Cuba-4.2 -c LifeTime_Muon_Polarized.cpp -o ../lib/LifeTime_Muon_Polarized.cpp.o
ifort -o ../bin/LifeTime_Muon_Polarized ../lib/UtilFunctions.cpp.o ../lib/LifeTime_Muon_Polarized.cpp.o ../lib/PhaseSpaceTools.cpp.o -cxxlib -nofor_main -L/home/de3u14/lib/build/hep/root/lib -lCore -lCint -lRIO -lNet -lHist -lGraf -lGraf3d -lGpad -lTree -lRint -lPostscript -lMatrix -lPhysics -lMathCore -lThread -limf -lm -ldl -L/home/de3u14/lib/build/hep/Cuba/Cuba-4.2 -lcuba
make[1]: Leaving directory `/home/de3u14/lib/projects/helicity/HelicityFW/src'
-------------------- Vegas test --------------------
Vegas input parameters:
  ndim 5
  ncomp 1
  nvec 1
  epsrel 0.001
  epsabs 1e-12
  flags 2
  seed 0
  mineval 0
  maxeval 100000
  nstart 1000
  nincrease 500
  nbatch 1000
  gridno 0
  statefile "(null)"

Iteration 1:  1000 integrand evaluations so far
[1] 0.000166659 +- 5.86424e-06  	chisq 0 (0 df)

Iteration 2:  2500 integrand evaluations so far
[1] 0.000166524 +- 2.82704e-06  	chisq 0.000692512 (1 df)

Iteration 3:  4500 integrand evaluations so far
[1] 0.000166522 +- 1.8054e-06  	chisq 0.000693132 (2 df)

Iteration 4:  7000 integrand evaluations so far
[1] 0.000166177 +- 1.33191e-06  	chisq 0.0808162 (3 df)

Iteration 5:  10000 integrand evaluations so far
[1] 0.0001663 +- 1.06909e-06  	chisq 0.104864 (4 df)

Iteration 6:  13500 integrand evaluations so far
[1] 0.000166288 +- 9.00248e-07  	chisq 0.105337 (5 df)

Iteration 7:  17500 integrand evaluations so far
[1] 0.000166439 +- 7.77951e-07  	chisq 0.216551 (6 df)

Iteration 8:  22000 integrand evaluations so far
[1] 0.000166403 +- 6.85677e-07  	chisq 0.226116 (7 df)

Iteration 9:  27000 integrand evaluations so far
[1] 0.000166268 +- 6.13123e-07  	chisq 0.417714 (8 df)

Iteration 10:  32500 integrand evaluations so far
[1] 0.000166392 +- 5.56067e-07  	chisq 0.645734 (9 df)

Iteration 11:  38500 integrand evaluations so far
[1] 0.000166368 +- 5.07866e-07  	chisq 0.65711 (10 df)

Iteration 12:  45000 integrand evaluations so far
[1] 0.000166286 +- 4.67326e-07  	chisq 0.824712 (11 df)

Iteration 13:  52000 integrand evaluations so far
[1] 0.000166335 +- 4.33416e-07  	chisq 0.901444 (12 df)

Iteration 14:  59500 integrand evaluations so far
[1] 0.000166323 +- 4.04219e-07  	chisq 0.906978 (13 df)

Iteration 15:  67500 integrand evaluations so far
[1] 0.000166314 +- 3.78509e-07  	chisq 0.911131 (14 df)

Iteration 16:  76000 integrand evaluations so far
[1] 0.000166316 +- 3.55948e-07  	chisq 0.911535 (15 df)

Iteration 17:  85000 integrand evaluations so far
[1] 0.000166302 +- 3.35803e-07  	chisq 0.925697 (16 df)

Iteration 18:  94500 integrand evaluations so far
[1] 0.000166325 +- 3.18257e-07  	chisq 0.96942 (17 df)

Iteration 19:  104500 integrand evaluations so far
[1] 0.000166307 +- 3.02137e-07  	chisq 1.00128 (18 df)
VEGAS RESULT:	neval 104500	fail 1
VEGAS RESULT:	0.00016631 +- 0.00000030	p = 0.000

###############################################
### --- Muon decay lifetime calculation --- ###
###############################################

--------------------------
--- Physical constants ---
--------------------------

hbar:    6.582119e-25 [GeV s]
c:       2.997925e+08 [m/s]
hbar*c:  1.973270e-01 [GeV fm]
G_Fermi: 1.160000e-05 [GeV^{-2}]

Muon constants:
m (muon):                      0.105658 [GeV]
c_tau:                     6.586384e+17  [fm]
Gamma(PDG) = hbarc/c_tau = 2.995983e-19 [GeV]

Other masses:
m (elec):           0.000000 [GeV]
m (nu_e):           0.000000 [GeV]
m (nu_m):           0.000000 [GeV]

-------------------------
---   Decay process   ---
-------------------------

(muon)- ---> (electron)- (nu_mu) (nu_electronbar)
  p     --->      q        k            k' 
  p     --->      q        k1           k2 
  P     --->     p1        p2           p3 

-------------------------
---   Configuration   ---
-------------------------

############
### Muon ###
############

|mom|:      0.050000 [GeV/c]
theta:      0.735133 [rad]
phi:        2.899690 [rad]
gamma:      1.106318 
beta:       0.427746 

Momentum:
(E,px,py,pz): (   0.11689179,   -0.03255789,    0.00803315,    0.03708709)

################################
### Spin Polarization vector ###
################################
### - Denoted by s^{mu}         

polvec_flag: 1
Spin polarization defined with auxiliary vector k0:
s^{mu} = P^{mu}/M - (m/Pk0)*k0^{mu}

k0_flag: 1
Custom k0:
(E,px,py,pz): (   1.00000000,    1.00000000,    0.00000000,    0.00000000)

Spin polarization vector components:
(E,px,py,pz): (   0.39933545,   -1.01512594,    0.07602944,    0.35100947)

--------------------------
--- Consistency checks ---
--------------------------

- Lorentz scalar product (ps) = 0 (orthogonality check)
(ps): 6.938894e-18     (should give really small value)

- k0^{2} = 0 (massless auxuliary vector)
(k0)^2: 0.000000e+00     (should give really small value)

------------------
--- Ampltidude ---
------------------

Amplitude formula chosen: --->  1  <--- 

Amplitude formula list:
(No):  ---------------------- Formula ---------------------------- (polarization)
- Default case:                              
 (0): 128 * (p k') * (q k)                                         (unpolarized)
(-1):  64 * (p k') * (q k) + 64 * M * (s k') * (q k)               (polarized)
(+1):  64 * (p k') * (q k) - 64 * M * (s k') * (q k)               (polarized)
- Custom:                              
 (+3): 64 * gamma * ( 1 - beta ) *     (M * (k')^{0}) * (q k) -    (polarized)
      -64 * gamma * ( 1 - beta ) * M *    (s k')      * (q k)                 
 (+4): 64 * gamma * ( 1 + beta ) *     (M * (k')^{0}) * (q k) +    (polarized)
      +64 * gamma * ( 1 + beta ) * M *    (s k')      * (q k)                 
(+34): sum of (+3) and (+4)                                        (unpolarized)

Notations:
(muon)- ---> (electron)- (nu_mu) (nu_electronbar)
  p     --->      q        k            k' 
  p     --->      q        k1           k2 
  P     --->     p1        p2           p3 

Leftover factors multiplying the result:
- Coupling constant
  G_Fermi^{2}
- Initial particle state normalization:
  1.0/(2*E) = 1.0/2*M (in the rest frame)
- Spin averaging for the muon (only if unpolarized):
  1.0/2.0

ThreeBodyDecay class
PSConstant (formula)  s23_length/pow(M_PI,3.0)/128.0
PSConstant  (numval): 2.812861e-06 

---------------------------
--- Other formulas used ---
---------------------------

Textbook result of the integration:
Gamma: G_Fermi^{2}*m_mu^{5}/(192*pi^{3})

tau  = hbar/Gamma
ctau = c*tau

-------------------------
--- Numerical results ---
-------------------------
Don't forget: our result are quoted in the LAB frame, while the PDG and
              the textbook formula are calculated in the muon rest frame!

# Important flags:
- k0_type:                    1 (see above at 'Spin polarization', 1 = custom, 2 = physical)
- spin_polarization:          1 (see above at 'Spin polarization', 1 = computed with k0, 2 = helicity)
- Amplitude formula chosen:   1 (see above at 'Amplitude' )

Note: Choosing (k0_type = 2) and (spin_polarization = 1) should give the same result as
      choosing (spin_polarization = 2) by definition

Gamma(PDG):                             2.995983e-19 [GeV] (note: this is the total gamma!)
Gamma(textbook):                        2.976355e-19 [GeV]
Gamma(our result w/o gamma factor):     2.978795e-19 [GeV]
Gamma(our result):                      2.692530e-19 [GeV]

ctau(PDG):                              6.586384e+02 [m]
ctau(textbook):                         6.629820e+02 [m]
ctau(our result w/o gamma factor):      6.624388e+02 [m]
ctau(our result):                       7.328682e+02 [m]

# Muon configuration
beta:                                                    0.427746
gamma:                                                   1.106318 <-

# Ratios
ratio of ctau's: (our result)/(textbook rest frame)      1.105412 <-
ratio of the above two values:                           1.000820

Note: You should compare the values of 'gamma' with the 'ratio of ctau's',
      as they should be equal.
      The 'ratio of the above two values' gives a measure how well they agree.
      It should be close to unity, but there could be some tiny deviation as
      this is after all a numerical integration.
